c:\users\force\documents\github\excelproject\excelproject\debug\vc141.pdb
c:\users\force\documents\github\excelproject\excelproject\debug\vc141.idb
c:\users\force\documents\github\excelproject\excelproject\debug\vector.obj
c:\users\force\documents\github\excelproject\excelproject\debug\utils.obj
c:\users\force\documents\github\excelproject\excelproject\debug\table.obj
c:\users\force\documents\github\excelproject\excelproject\debug\stack.obj
c:\users\force\documents\github\excelproject\excelproject\debug\cell.obj
c:\users\force\documents\github\excelproject\excelproject\debug\array.obj
c:\users\force\documents\github\excelproject\excelproject\debug\excelproject.obj
c:\users\minlion\desktop\study\development\excelproject\excelproject\debug\vc141.pdb
c:\users\minlion\desktop\study\development\excelproject\excelproject\debug\vc141.idb
c:\users\minlion\desktop\study\development\excelproject\excelproject\debug\vector.obj
c:\users\minlion\desktop\study\development\excelproject\excelproject\debug\utils.obj
c:\users\minlion\desktop\study\development\excelproject\excelproject\debug\table.obj
c:\users\minlion\desktop\study\development\excelproject\excelproject\debug\stack.obj
c:\users\minlion\desktop\study\development\excelproject\excelproject\debug\cell.obj
c:\users\minlion\desktop\study\development\excelproject\excelproject\debug\array.obj
c:\users\force\documents\github\excelproject\debug\excelproject.exe
c:\users\force\documents\github\excelproject\debug\excelproject.ilk
c:\users\force\documents\github\excelproject\debug\excelproject.pdb
c:\users\minlion\desktop\study\development\excelproject\excelproject\debug\excelproject.obj
c:\users\minlion\desktop\study\development\excelproject\debug\excelproject.pdb
c:\users\minlion\desktop\study\development\excelproject\debug\excelproject.exe
c:\users\minlion\desktop\study\development\excelproject\debug\excelproject.ilk
c:\users\minlion\desktop\study\development\excelproject\excelproject\debug\excelproject.tlog\cl.command.1.tlog
c:\users\minlion\desktop\study\development\excelproject\excelproject\debug\excelproject.tlog\cl.read.1.tlog
c:\users\minlion\desktop\study\development\excelproject\excelproject\debug\excelproject.tlog\cl.write.1.tlog
c:\users\minlion\desktop\study\development\excelproject\excelproject\debug\excelproject.tlog\link.command.1.tlog
c:\users\minlion\desktop\study\development\excelproject\excelproject\debug\excelproject.tlog\link.read.1.tlog
c:\users\minlion\desktop\study\development\excelproject\excelproject\debug\excelproject.tlog\link.write.1.tlog
